<?xml version="1.0" encoding="UTF-8"?>
<testng-results ignored="0" total="1" passed="1" failed="0" skipped="0">
  <reporter-output>
  </reporter-output>
  <suite started-at="2023-01-10T15:30:50 CST" name="Default suite" finished-at="2023-01-10T15:31:07 CST" duration-ms="16547">
    <groups>
    </groups>
    <test started-at="2023-01-10T15:30:50 CST" name="Default test" finished-at="2023-01-10T15:31:07 CST" duration-ms="16547">
      <class name="restAssuredRefresh.TestCases">
        <test-method is-config="true" signature="StartUp()[pri:0, instance:restAssuredRefresh.TestCases@47e2e487]" started-at="2023-01-10T15:30:46 CST" name="StartUp" finished-at="2023-01-10T15:30:50 CST" duration-ms="4296" status="PASS">
          <reporter-output>
          </reporter-output>
        </test-method> <!-- StartUp -->
        <test-method signature="TestCase01()[pri:0, instance:restAssuredRefresh.TestCases@47e2e487]" started-at="2023-01-10T15:30:51 CST" name="TestCase01" finished-at="2023-01-10T15:31:07 CST" duration-ms="16488" status="PASS">
          <reporter-output>
          </reporter-output>
        </test-method> <!-- TestCase01 -->
        <test-method is-config="true" signature="TearDown()[pri:0, instance:restAssuredRefresh.TestCases@47e2e487]" started-at="2023-01-10T15:31:07 CST" name="TearDown" finished-at="2023-01-10T15:31:07 CST" duration-ms="265" status="PASS">
          <reporter-output>
          </reporter-output>
        </test-method> <!-- TearDown -->
      </class> <!-- restAssuredRefresh.TestCases -->
    </test> <!-- Default test -->
  </suite> <!-- Default suite -->
</testng-results>
